<?xml version="1.0" encoding="UTF-8"?>
<!-- Generated by org.testng.reporters.JUnitXMLReporter -->
<testsuite ignored="0" hostname="Nasrin" failures="2" tests="3" name="LoginTest" time="16.986" errors="0" timestamp="2024-09-10T23:52:14 IST">
  <testcase classname="com.Login.TC_01_LoginTest" name="SuccessfulLogintest" time="2.096"/>
  <testcase classname="com.Login.TC_02_LoginTest" name="UnsuccessfulLogintest" time="1.671">
    <failure type="java.lang.AssertionError" message="Please enter a correct username and password. Note that both fields may be case-sensitive. expected [Invalid credentials] but found [Please enter a correct username and password. Note that both fields may be case-sensitive.]">
      <![CDATA[java.lang.AssertionError: Please enter a correct username and password. Note that both fields may be case-sensitive. expected [Invalid credentials] but found [Please enter a correct username and password. Note that both fields may be case-sensitive.]
at com.Login.TC_02_LoginTest.UnsuccessfulLogintest(TC_02_LoginTest.java:36)
at java.base/java.util.ArrayList.forEach(ArrayList.java:1511)
... Removed 30 stack frames]]>
    </failure>
  </testcase> <!-- UnsuccessfulLogintest -->
  <testcase classname="com.Login.TC_03_LoginTest" name="forEmptyUnsuccessfulLogintest" time="0.594">
    <failure type="java.lang.AssertionError" message="Email: This field is required.
Password: This field is required expected [empty credentials] but found [Email: This field is required.]">
      <![CDATA[java.lang.AssertionError: Email: This field is required.
Password: This field is required expected [empty credentials] but found [Email: This field is required.]
at com.Login.TC_03_LoginTest.forEmptyUnsuccessfulLogintest(TC_03_LoginTest.java:36)
at java.base/java.util.ArrayList.forEach(ArrayList.java:1511)
... Removed 30 stack frames]]>
    </failure>
  </testcase> <!-- forEmptyUnsuccessfulLogintest -->
</testsuite> <!-- LoginTest -->
